Download tRNAscan-SE-v1.3.1
Downloading http://eddylab.org/software/tRNAscan-SE/tRNAscan-SE.tar.gz to tRNAscan-SE-1.3.1.tar.gz
gcc	   -O      -c trnascan.c		
gcc	   -O      -c align.c		
gcc	   -O      -c dbviterbi.c		
gcc	   -O      -c debug.c		
gcc	   -O      -c emit.c		
gcc	   -O      -c fast-dbviterbi.c		
gcc	   -O      -c fastmodelmaker.c		
gcc	   -O      -c konings.c		
gcc	   -O      -c lengthdist.c		
gcc	   -O      -c maxmodelmaker.c		
gcc	   -O      -c misc.c		
gcc	   -O      -c model.c		
gcc	   -O      -c modelmaking.c		
gcc	   -O      -c prior.c		
gcc	   -O      -c probify.c		
gcc	   -O      -c save.c		
gcc	   -O      -c smallviterbi.c		
gcc	   -O      -c scorestack.c		
gcc	   -O      -c structs.c		
gcc	   -O      -c trace.c		
gcc	   -O      -c viterbi.c		
gcc	   -O      -c alignio.c		
gcc	   -O      -c sqerror.c		
gcc	   -O      -c sqio.c		
gcc	   -O      -c iupac.c		
gcc	   -O      -c msf.c		
gcc	   -O      -c revcomp.c		
gcc	   -O      -c selex.c		
gcc	   -O      -c sre_ctype.c		
gcc	   -O      -c sre_math.c		
gcc	   -O      -c sre_string.c		
gcc	   -O      -c stack.c		
gcc	   -O      -c types.c		
gcc	   -O      -c gnuregex.c		
gcc	   -O      -c interleaved.c		
gcc	   -O      -c getopt.c		
gcc	   -O      -c scan_main.c		
gcc	   -O      -c score_main.c		
gcc	   -O      -c pavesi.c		
gcc	   -O      -c eufind_main.c		
/usr/bin/perl checkversion.pl
sed 's#/tmp#/tmp#g' tRNAscan-SE.src | \
sed 's#bindir = ""#bindir =\"/home/ubuntu/LRSDAY/build/tRNAscan-SE-1.3.1/bin/"#g' | \
sed 's#/usr/local/lib/tRNAscanSE#/home/ubuntu/LRSDAY/build/tRNAscan-SE-1.3.1/lib/tRNAscan-SE#g' | \
sed 's#version = ""#version = "1.3.1"#' | \
sed 's#release_date = ""#release_date = "January 2012"#' | \
sed 's#/usr/bin/perl#/usr/bin/perl#' > tRNAscan-SE
sed 's#/usr/bin/perl#/usr/bin/perl#' instman.pl > instman 
sed 's#/usr/bin/perl#/usr/bin/perl#' sstofa.pl > sstofa 

tRNAscan-SE built



The file "setup.tRNAscan-SE" has been created.
If you type "source setup.tRNAscan-SE; rehash", the paths
in your environment will be updated for this session.

To update your environment upon every login, you should
add the line:

source /home/ubuntu/LRSDAY/build/tRNAscan-SE-1.3.1/setup.tRNAscan-SE

to your ".cshrc" file.

If you prefer to manually update your environment variables,
be sure to make the following changes:

1) Add /home/ubuntu/LRSDAY/build/tRNAscan-SE-1.3.1/bin to your PATH variable
2) Add /home/ubuntu/LRSDAY/build/tRNAscan-SE-1.3.1/bin to your PERl5LIB variable
3) Add /home/ubuntu/LRSDAY/build/tRNAscan-SE-1.3.1 to your MANPATH variable

gcc	   -O     -DTSCANDIR=\"/home/ubuntu/LRSDAY/build/tRNAscan-SE-1.3.1/lib/tRNAscan-SE\" -o trnascan-1.4 trnascan.c
gcc	   -O     -DRELEASE="2.4.4" -DRELEASEDATE="January 2012" -o covels-SE scan_main.o align.o dbviterbi.o debug.o emit.o fast-dbviterbi.o fastmodelmaker.o konings.o lengthdist.o maxmodelmaker.o misc.o model.o modelmaking.o prior.o probify.o save.o smallviterbi.o scorestack.o structs.o trace.o viterbi.o alignio.o sqerror.o sqio.o iupac.o msf.o revcomp.o selex.o sre_ctype.o sre_math.o sre_string.o stack.o types.o gnuregex.o interleaved.o getopt.o -lm
gcc	   -O     -DRELEASE="2.4.4" -DRELEASEDATE="January 2012" -o coves-SE score_main.o align.o dbviterbi.o debug.o emit.o fast-dbviterbi.o fastmodelmaker.o konings.o lengthdist.o maxmodelmaker.o misc.o model.o modelmaking.o prior.o probify.o save.o smallviterbi.o scorestack.o structs.o trace.o viterbi.o alignio.o sqerror.o sqio.o iupac.o msf.o revcomp.o selex.o sre_ctype.o sre_math.o sre_string.o stack.o types.o gnuregex.o interleaved.o getopt.o -lm
gcc	   -O      -o eufindtRNA eufind_main.o \
pavesi.o alignio.o sqerror.o sqio.o iupac.o msf.o revcomp.o selex.o sre_ctype.o sre_math.o sre_string.o stack.o types.o gnuregex.o interleaved.o getopt.o -lm
.
.
.
cp trnascan-1.4 covels-SE coves-SE eufindtRNA tRNAscan-SE /home/ubuntu/LRSDAY/build/tRNAscan-SE-1.3.1/bin/.
cp -R tRNAscanSE /home/ubuntu/LRSDAY/build/tRNAscan-SE-1.3.1/bin/
cp TPCsignal Dsignal *.cm gcode.* /home/ubuntu/LRSDAY/build/tRNAscan-SE-1.3.1/lib/tRNAscan-SE/.
cp tRNAscan-SE.man /home/ubuntu/LRSDAY/build/tRNAscan-SE-1.3.1/man1/tRNAscan-SE.1 
TRNASCAN DONE!
