--2022-08-24 14:44:12--  http://eddylab.org/software/tRNAscan-SE/tRNAscan-SE.tar.gz
Resolving eddylab.org (eddylab.org)... 96.126.110.11, 2600:3c03::f03c:91ff:fec8:383c
Connecting to eddylab.org (eddylab.org)|96.126.110.11|:80... connected.
HTTP request sent, awaiting response... 200 OK
Length: 740960 (724K) [application/x-gzip]
Saving to: ‘tRNAscan-SE-1.3.1.tar.gz’

     0K .......... .......... .......... .......... ..........  6%  279K 2s
    50K .......... .......... .......... .......... .......... 13%  556K 2s
   100K .......... .......... .......... .......... .......... 20% 43,8M 1s
   150K .......... .......... .......... .......... .......... 27% 45,6M 1s
   200K .......... .......... .......... .......... .......... 34%  563K 1s
   250K .......... .......... .......... .......... .......... 41% 49,5M 1s
   300K .......... .......... .......... .......... .......... 48% 51,6M 0s
   350K .......... .......... .......... .......... .......... 55% 46,0M 0s
   400K .......... .......... .......... .......... .......... 62%  281K 0s
   450K .......... .......... .......... .......... .......... 69% 49,6M 0s
   500K .......... .......... .......... .......... .......... 76% 44,3M 0s
   550K .......... .......... .......... .......... .......... 82% 54,9M 0s
   600K .......... .......... .......... .......... .......... 89% 45,7M 0s
   650K .......... .......... .......... .......... .......... 96% 59,8M 0s
   700K .......... .......... ...                             100% 50,0M=0,5s

2022-08-24 14:44:12 (1,29 MB/s) - ‘tRNAscan-SE-1.3.1.tar.gz’ saved [740960/740960]

trnascan.c:335:1: warning: return type defaults to ‘int’ [-Wimplicit-int]
 main(int argc, char **argv)
 ^~~~
trnascan.c: In function ‘main’:
trnascan.c:433:16: warning: implicit declaration of function ‘getopt’; did you mean ‘getsubopt’? [-Wimplicit-function-declaration]
 while ((optc = getopt(argc, argv, "csraho:v:i:")) != -1)
                ^~~~~~
                getsubopt
trnascan.c: At top level:
trnascan.c:1421:1: warning: return type defaults to ‘int’ [-Wimplicit-int]
 myindex (char *s, char *t)
 ^~~~~~~
trnascan.c: In function ‘fgetseq’:
trnascan.c:1252:7: warning: ignoring return value of ‘fgets’, declared with attribute warn_unused_result [-Wunused-result]
       fgets(line, MAXLINE, fpi);
       ^~~~~~~~~~~~~~~~~~~~~~~~~
gnuregex.c: In function ‘re_match_2’:
gnuregex.c:2315:42: warning: cast to pointer from integer of different size [-Wint-to-pointer-cast]
   fail_stack.stack[fail_stack.avail++] = (fail_stack_elt_t) item
                                          ^
gnuregex.c:2394:5: note: in expansion of macro ‘PUSH_FAILURE_ITEM’
     PUSH_FAILURE_ITEM (lowest_active_reg);    \
     ^~~~~~~~~~~~~~~~~
gnuregex.c:3758:19: note: in expansion of macro ‘PUSH_FAILURE_POINT’
                   PUSH_FAILURE_POINT (p1 + mcnt, d, -2);
                   ^~~~~~~~~~~~~~~~~~
gnuregex.c:2315:42: warning: cast to pointer from integer of different size [-Wint-to-pointer-cast]
   fail_stack.stack[fail_stack.avail++] = (fail_stack_elt_t) item
                                          ^
gnuregex.c:2397:5: note: in expansion of macro ‘PUSH_FAILURE_ITEM’
     PUSH_FAILURE_ITEM (highest_active_reg);    \
     ^~~~~~~~~~~~~~~~~
gnuregex.c:3758:19: note: in expansion of macro ‘PUSH_FAILURE_POINT’
                   PUSH_FAILURE_POINT (p1 + mcnt, d, -2);
                   ^~~~~~~~~~~~~~~~~~
gnuregex.c:2315:42: warning: cast to pointer from integer of different size [-Wint-to-pointer-cast]
   fail_stack.stack[fail_stack.avail++] = (fail_stack_elt_t) item
                                          ^
gnuregex.c:2394:5: note: in expansion of macro ‘PUSH_FAILURE_ITEM’
     PUSH_FAILURE_ITEM (lowest_active_reg);    \
     ^~~~~~~~~~~~~~~~~
gnuregex.c:3905:11: note: in expansion of macro ‘PUSH_FAILURE_POINT’
           PUSH_FAILURE_POINT (p + mcnt, NULL, -2);
           ^~~~~~~~~~~~~~~~~~
gnuregex.c:2315:42: warning: cast to pointer from integer of different size [-Wint-to-pointer-cast]
   fail_stack.stack[fail_stack.avail++] = (fail_stack_elt_t) item
                                          ^
gnuregex.c:2397:5: note: in expansion of macro ‘PUSH_FAILURE_ITEM’
     PUSH_FAILURE_ITEM (highest_active_reg);    \
     ^~~~~~~~~~~~~~~~~
gnuregex.c:3905:11: note: in expansion of macro ‘PUSH_FAILURE_POINT’
           PUSH_FAILURE_POINT (p + mcnt, NULL, -2);
           ^~~~~~~~~~~~~~~~~~
gnuregex.c:2315:42: warning: cast to pointer from integer of different size [-Wint-to-pointer-cast]
   fail_stack.stack[fail_stack.avail++] = (fail_stack_elt_t) item
                                          ^
gnuregex.c:2394:5: note: in expansion of macro ‘PUSH_FAILURE_ITEM’
     PUSH_FAILURE_ITEM (lowest_active_reg);    \
     ^~~~~~~~~~~~~~~~~
gnuregex.c:3958:11: note: in expansion of macro ‘PUSH_FAILURE_POINT’
           PUSH_FAILURE_POINT (p + mcnt, d, -2);
           ^~~~~~~~~~~~~~~~~~
gnuregex.c:2315:42: warning: cast to pointer from integer of different size [-Wint-to-pointer-cast]
   fail_stack.stack[fail_stack.avail++] = (fail_stack_elt_t) item
                                          ^
gnuregex.c:2397:5: note: in expansion of macro ‘PUSH_FAILURE_ITEM’
     PUSH_FAILURE_ITEM (highest_active_reg);    \
     ^~~~~~~~~~~~~~~~~
gnuregex.c:3958:11: note: in expansion of macro ‘PUSH_FAILURE_POINT’
           PUSH_FAILURE_POINT (p + mcnt, d, -2);
           ^~~~~~~~~~~~~~~~~~
gnuregex.c:2482:14: warning: cast from pointer to integer of different size [-Wpointer-to-int-cast]
   high_reg = (unsigned) POP_FAILURE_ITEM ();    \
              ^
gnuregex.c:4064:13: note: in expansion of macro ‘POP_FAILURE_POINT’
             POP_FAILURE_POINT (sdummy, pdummy,
             ^~~~~~~~~~~~~~~~~
gnuregex.c:2485:13: warning: cast from pointer to integer of different size [-Wpointer-to-int-cast]
   low_reg = (unsigned) POP_FAILURE_ITEM ();    \
             ^
gnuregex.c:4064:13: note: in expansion of macro ‘POP_FAILURE_POINT’
             POP_FAILURE_POINT (sdummy, pdummy,
             ^~~~~~~~~~~~~~~~~
gnuregex.c:2315:42: warning: cast to pointer from integer of different size [-Wint-to-pointer-cast]
   fail_stack.stack[fail_stack.avail++] = (fail_stack_elt_t) item
                                          ^
gnuregex.c:2394:5: note: in expansion of macro ‘PUSH_FAILURE_ITEM’
     PUSH_FAILURE_ITEM (lowest_active_reg);    \
     ^~~~~~~~~~~~~~~~~
gnuregex.c:4097:11: note: in expansion of macro ‘PUSH_FAILURE_POINT’
           PUSH_FAILURE_POINT (0, 0, -2);
           ^~~~~~~~~~~~~~~~~~
gnuregex.c:2315:42: warning: cast to pointer from integer of different size [-Wint-to-pointer-cast]
   fail_stack.stack[fail_stack.avail++] = (fail_stack_elt_t) item
                                          ^
gnuregex.c:2397:5: note: in expansion of macro ‘PUSH_FAILURE_ITEM’
     PUSH_FAILURE_ITEM (highest_active_reg);    \
     ^~~~~~~~~~~~~~~~~
gnuregex.c:4097:11: note: in expansion of macro ‘PUSH_FAILURE_POINT’
           PUSH_FAILURE_POINT (0, 0, -2);
           ^~~~~~~~~~~~~~~~~~
gnuregex.c:2315:42: warning: cast to pointer from integer of different size [-Wint-to-pointer-cast]
   fail_stack.stack[fail_stack.avail++] = (fail_stack_elt_t) item
                                          ^
gnuregex.c:2394:5: note: in expansion of macro ‘PUSH_FAILURE_ITEM’
     PUSH_FAILURE_ITEM (lowest_active_reg);    \
     ^~~~~~~~~~~~~~~~~
gnuregex.c:4110:11: note: in expansion of macro ‘PUSH_FAILURE_POINT’
           PUSH_FAILURE_POINT (0, 0, -2);
           ^~~~~~~~~~~~~~~~~~
gnuregex.c:2315:42: warning: cast to pointer from integer of different size [-Wint-to-pointer-cast]
   fail_stack.stack[fail_stack.avail++] = (fail_stack_elt_t) item
                                          ^
gnuregex.c:2397:5: note: in expansion of macro ‘PUSH_FAILURE_ITEM’
     PUSH_FAILURE_ITEM (highest_active_reg);    \
     ^~~~~~~~~~~~~~~~~
gnuregex.c:4110:11: note: in expansion of macro ‘PUSH_FAILURE_POINT’
           PUSH_FAILURE_POINT (0, 0, -2);
           ^~~~~~~~~~~~~~~~~~
gnuregex.c:2482:14: warning: cast from pointer to integer of different size [-Wpointer-to-int-cast]
   high_reg = (unsigned) POP_FAILURE_ITEM ();    \
              ^
gnuregex.c:4278:11: note: in expansion of macro ‘POP_FAILURE_POINT’
           POP_FAILURE_POINT (d, p,
           ^~~~~~~~~~~~~~~~~
gnuregex.c:2485:13: warning: cast from pointer to integer of different size [-Wpointer-to-int-cast]
   low_reg = (unsigned) POP_FAILURE_ITEM ();    \
             ^
gnuregex.c:4278:11: note: in expansion of macro ‘POP_FAILURE_POINT’
           POP_FAILURE_POINT (d, p,
           ^~~~~~~~~~~~~~~~~
scan_main.c: In function ‘main’:
scan_main.c:100:18: warning: implicit declaration of function ‘getopt’; did you mean ‘Getopt’? [-Wimplicit-function-declaration]
   while ((optc = getopt(argc, argv, OPTIONS)) != -1)
                  ^~~~~~
                  Getopt
score_main.c: In function ‘main’:
score_main.c:87:18: warning: implicit declaration of function ‘getopt’; did you mean ‘Getopt’? [-Wimplicit-function-declaration]
   while ((optc = getopt(argc, argv, OPTIONS)) != -1)
                  ^~~~~~
                  Getopt
eufind_main.c: In function ‘main’:
eufind_main.c:106:21: warning: implicit declaration of function ‘getopt’; did you mean ‘Getopt’? [-Wimplicit-function-declaration]
   while ((optchar = getopt(argc, argv, OPTIONS)) != -1)
                     ^~~~~~
                     Getopt
eufind_main.c:168:17: warning: implicit declaration of function ‘IntEncodeSeq’ [-Wimplicit-function-declaration]
     if (errno = IntEncodeSeq(iseq,seq,sqinfo.len))
                 ^~~~~~~~~~~~
eufind_main.c:175:7: warning: implicit declaration of function ‘Init_tRNA’ [-Wimplicit-function-declaration]
       Init_tRNA(prev_tRNA);     /* clear previous tRNA */
       ^~~~~~~~~
eufind_main.c:194:14: warning: implicit declaration of function ‘GetBbox’ [-Wimplicit-function-declaration]
       while (GetBbox(&FirstScore,&seqidx,iseq,sqinfo.len,strand,
              ^~~~~~~
eufind_main.c:204:10: warning: implicit declaration of function ‘GetSecABox’ [-Wimplicit-function-declaration]
      && (GetSecABox(tRNA,seq))){
          ^~~~~~~~~~
eufind_main.c:206:9: warning: implicit declaration of function ‘GetBestTrxTerm’ [-Wimplicit-function-declaration]
    if (!GetBestTrxTerm(tRNA,seq,sqinfo.len,NoTermPenalty) &&
         ^~~~~~~~~~~~~~
eufind_main.c:218:4: warning: implicit declaration of function ‘GetBestABox’ [-Wimplicit-function-declaration]
    GetBestABox(tRNA,seq,iseq,sqinfo.len,strand,ShowScores,
    ^~~~~~~~~~~
eufind_main.c:239:2: warning: implicit declaration of function ‘Get_tRNA_stats’ [-Wimplicit-function-declaration]
  Get_tRNA_stats(tRNA,seq,sqinfo.len,strand);
  ^~~~~~~~~~~~~~
eufind_main.c:241:6: warning: implicit declaration of function ‘tRNAOverlap’ [-Wimplicit-function-declaration]
  if (tRNAOverlap(tRNA,prev_tRNA,strand)) {
      ^~~~~~~~~~~
eufind_main.c:258:6: warning: implicit declaration of function ‘Save_tRNA’ [-Wimplicit-function-declaration]
      Save_tRNA(prev_tRNA,&sqinfo,seq,strand,ShowScores,sqoffset);
      ^~~~~~~~~
trnascan.c:335:1: warning: return type defaults to ‘int’ [-Wimplicit-int]
 main(int argc, char **argv)
 ^~~~
trnascan.c: In function ‘main’:
trnascan.c:433:16: warning: implicit declaration of function ‘getopt’; did you mean ‘getsubopt’? [-Wimplicit-function-declaration]
 while ((optc = getopt(argc, argv, "csraho:v:i:")) != -1)
                ^~~~~~
                getsubopt
trnascan.c: At top level:
trnascan.c:1421:1: warning: return type defaults to ‘int’ [-Wimplicit-int]
 myindex (char *s, char *t)
 ^~~~~~~
trnascan.c: In function ‘fgetseq’:
trnascan.c:1252:7: warning: ignoring return value of ‘fgets’, declared with attribute warn_unused_result [-Wunused-result]
       fgets(line, MAXLINE, fpi);
       ^~~~~~~~~~~~~~~~~~~~~~~~~
	Command being timed: "bash /home/ubuntu/LRSDAY/soft/install_trnascan.sh 1.3.1 http://eddylab.org/software/tRNAscan-SE/tRNAscan-SE.tar.gz"
	User time (seconds): 2.40
	System time (seconds): 0.41
	Percent of CPU this job got: 127%
	Elapsed (wall clock) time (h:mm:ss or m:ss): 0:02.20
	Average shared text size (kbytes): 0
	Average unshared data size (kbytes): 0
	Average stack size (kbytes): 0
	Average total size (kbytes): 0
	Maximum resident set size (kbytes): 46108
	Average resident set size (kbytes): 0
	Major (requiring I/O) page faults: 0
	Minor (reclaiming a frame) page faults: 205794
	Voluntary context switches: 612
	Involuntary context switches: 250
	Swaps: 0
	File system inputs: 0
	File system outputs: 16472
	Socket messages sent: 0
	Socket messages received: 0
	Signals delivered: 0
	Page size (bytes): 4096
	Exit status: 0
